<?xml version="1.0" encoding="UTF-8"?>
<!-- Generated by org.testng.reporters.JUnitReportReporter -->
<testsuite hostname="DESKTOP-UB4VEAP" failures="0" tests="1" name="com.bootcamp.level1.LoginTest" time="7.523" errors="0" timestamp="2023-11-03T12:21:34 CDT" skipped="0">
  <testcase classname="com.bootcamp.level1.LoginTest" name="loginTestWithValidCredentials" time="7.523"/>
</testsuite> <!-- com.bootcamp.level1.LoginTest -->
