<?xml version="1.0" encoding="UTF-8"?>
<!-- Generated by org.testng.reporters.JUnitReportReporter -->
<testsuite hostname="DESKTOP-UB4VEAP" failures="0" tests="1" name="com.bootcamp.level3.LoginTest" time="24.999" errors="0" timestamp="2023-10-31T11:01:54 CDT" skipped="0">
  <testcase classname="com.bootcamp.level3.LoginTest" name="Logintest" time="24.999"/>
</testsuite> <!-- com.bootcamp.level3.LoginTest -->
