<?xml version="1.0" encoding="UTF-8"?>
<!-- Generated by org.testng.reporters.JUnitReportReporter -->
<testsuite hostname="DESKTOP-UB4VEAP" failures="0" tests="1" name="com.bootcamp.level1.SearchTest" time="8.116" errors="0" timestamp="2023-11-04T06:08:11 CDT" skipped="0">
  <testcase classname="com.bootcamp.level1.SearchTest" name="searchTest" time="8.116"/>
</testsuite> <!-- com.bootcamp.level1.SearchTest -->
