<?xml version="1.0" encoding="UTF-8"?>
<!-- Generated by org.testng.reporters.JUnitReportReporter -->
<testsuite hostname="DESKTOP-UB4VEAP" failures="0" tests="1" name="com.bootcamp.level3.VerifyTitle" time="16.965" errors="0" timestamp="2023-10-31T09:43:43 CDT" skipped="0">
  <testcase classname="com.bootcamp.level3.VerifyTitle" name="verifyWebSiteTitle" time="16.965"/>
</testsuite> <!-- com.bootcamp.level3.VerifyTitle -->
