<?xml version="1.0" encoding="UTF-8"?>
<!-- Generated by org.testng.reporters.JUnitReportReporter -->
<testsuite hostname="DESKTOP-UB4VEAP" failures="0" tests="2" name="com.bootcamp.level2.HomePageTest" time="18.593" errors="0" timestamp="2023-11-02T11:46:29 CDT" skipped="0">
  <testcase classname="com.bootcamp.level2.HomePageTest" name="homePageTest" time="4.791"/>
  <testcase classname="com.bootcamp.level2.HomePageTest" name="navigatePageTest" time="13.802"/>
</testsuite> <!-- com.bootcamp.level2.HomePageTest -->
