<?xml version="1.0" encoding="UTF-8"?>
<!-- Generated by org.testng.reporters.JUnitReportReporter -->
<testsuite hostname="DESKTOP-UB4VEAP" failures="0" tests="1" name="com.bootcamp.level2.RegisterTest" time="15.821" errors="0" timestamp="2023-11-02T09:26:06 CDT" skipped="0">
  <testcase classname="com.bootcamp.level2.RegisterTest" name="registrationTest" time="15.821"/>
</testsuite> <!-- com.bootcamp.level2.RegisterTest -->
