<?xml version="1.0" encoding="UTF-8"?>
<!-- Generated by org.testng.reporters.JUnitReportReporter -->
<testsuite hostname="DESKTOP-UB4VEAP" failures="0" tests="1" name="com.bootcamp.level1.ShoppingTest" time="5.216" errors="0" timestamp="2023-11-04T05:28:24 CDT" skipped="0">
  <testcase classname="com.bootcamp.level1.ShoppingTest" name="shoppingtest" time="5.216"/>
</testsuite> <!-- com.bootcamp.level1.ShoppingTest -->
