<?xml version="1.0" encoding="UTF-8"?>
<!-- Generated by org.testng.reporters.JUnitReportReporter -->
<testsuite hostname="DESKTOP-UB4VEAP" failures="0" tests="2" name="com.bootcamp.level3.NavigatePageAndVerifyTest" time="34.901" errors="0" timestamp="2023-11-01T08:29:16 CDT" skipped="0">
  <testcase classname="com.bootcamp.level3.NavigatePageAndVerifyTest" name="NavigateToDifferentPage" time="19.364"/>
  <testcase classname="com.bootcamp.level3.NavigatePageAndVerifyTest" name="VerifyElement" time="15.537"/>
</testsuite> <!-- com.bootcamp.level3.NavigatePageAndVerifyTest -->
